<?xml version="1.0" encoding="UTF-8"?>
<!-- Generated by org.testng.reporters.JUnitReportReporter -->
<testsuite skipped="0" hostname="DESKTOP-TQEA3MJ" name="package1.Parenttest1" tests="2" failures="0" timestamp="12 Nov 2018 17:06:21 GMT" time="0.010" errors="0">
  <testcase name="m11" time="0.009" classname="package1.Parenttest1"/>
  <testcase name="m12" time="0.001" classname="package1.Parenttest1"/>
</testsuite> <!-- package1.Parenttest1 -->
