<?xml version="1.0" encoding="UTF-8"?>
<!-- Generated by org.testng.reporters.JUnitReportReporter -->
<testsuite skipped="0" hostname="DESKTOP-TQEA3MJ" name="package1.Parenttest" tests="4" failures="0" timestamp="14 Nov 2018 09:17:45 GMT" time="0.010" errors="0">
  <testcase name="m12" time="0.000" classname="package1.Parenttest"/>
  <testcase name="m13" time="0.000" classname="package1.Parenttest"/>
  <testcase name="m144" time="0.000" classname="package1.Parenttest"/>
  <testcase name="m11" time="0.010" classname="package1.Parenttest"/>
</testsuite> <!-- package1.Parenttest -->
