<?xml version="1.0" encoding="UTF-8"?>
<!-- Generated by org.testng.reporters.JUnitReportReporter -->
<testsuite skipped="0" hostname="DESKTOP-TQEA3MJ" name="pomxmltest2.parenttest2" tests="3" failures="0" timestamp="13 Nov 2018 10:36:09 GMT" time="0.001" errors="0">
  <testcase name="m13" time="0.001" classname="pomxmltest2.parenttest2"/>
  <testcase name="m12" time="0.000" classname="pomxmltest2.parenttest2"/>
  <testcase name="m11" time="0.000" classname="pomxmltest2.parenttest2"/>
</testsuite> <!-- pomxmltest2.parenttest2 -->
