<?xml version="1.0" encoding="UTF-8"?>
<!-- Generated by org.testng.reporters.JUnitReportReporter -->
<testsuite skipped="0" hostname="DESKTOP-TQEA3MJ" name="package1.Parenttest" tests="2" failures="0" timestamp="13 Nov 2018 08:27:59 GMT" time="0.005" errors="0">
  <testcase name="m12" time="0.000" classname="package1.Parenttest"/>
  <testcase name="m11" time="0.005" classname="package1.Parenttest"/>
</testsuite> <!-- package1.Parenttest -->
